<?xml version="1.0" encoding="UTF-8"?>
<!-- Generated by org.testng.reporters.JUnitXMLReporter -->
<testsuite hostname="DELL" ignored="2" name="Default test" tests="4" failures="0" timestamp="05 Jun 2019 15:57:51 GMT" time="270.293" errors="0">
  <testcase name="validateCreateNewContact" time="10.102" classname="com.crm.qa.testcases.contactsPageTest"/>
  <testcase name="validateCreateNewContact" time="7.555" classname="com.crm.qa.testcases.contactsPageTest"/>
  <testcase name="validateCreateNewContact" time="7.709" classname="com.crm.qa.testcases.contactsPageTest"/>
  <testcase name="validateCreateNewContact" time="7.872" classname="com.crm.qa.testcases.contactsPageTest"/>
  <testcase name="verifyContactsPageLabelTest" time="0.0" classname="com.crm.qa.testcases.contactsPageTest">
    <ignored/>
  </testcase> <!-- verifyContactsPageLabelTest -->
  <testcase name="selectContactsTest" time="0.0" classname="com.crm.qa.testcases.contactsPageTest">
    <ignored/>
  </testcase> <!-- selectContactsTest -->
</testsuite> <!-- Default test -->
