<?xml version="1.0" encoding="UTF-8"?>
<!-- Generated by org.testng.reporters.JUnitXMLReporter -->
<testsuite hostname="DELL" ignored="0" name="Free CRM App Test Cases" tests="12" failures="0" timestamp="09 Jun 2019 06:50:25 GMT" time="553.601" errors="0">
  <testcase name="titleTest" time="10.121" classname="com.crm.qa.testcases.LoginPageTest"/>
  <testcase name="verifyHomePageTitleTest" time="0.024" classname="com.crm.qa.testcases.HomePageTest"/>
  <testcase name="verifyContactsPageLabelTest" time="0.317" classname="com.crm.qa.testcases.contactsPageTest"/>
  <testcase name="validateLogoTest" time="10.131" classname="com.crm.qa.testcases.LoginPageTest"/>
  <testcase name="verifyUserNameTest" time="0.123" classname="com.crm.qa.testcases.HomePageTest"/>
  <testcase name="selectContactsTest" time="0.301" classname="com.crm.qa.testcases.contactsPageTest"/>
  <testcase name="loginTest" time="16.642" classname="com.crm.qa.testcases.LoginPageTest"/>
  <testcase name="verifyContactsLinkTest" time="2.164" classname="com.crm.qa.testcases.HomePageTest"/>
  <testcase name="validateCreateNewContact" time="7.294" classname="com.crm.qa.testcases.contactsPageTest"/>
  <testcase name="validateCreateNewContact" time="7.124" classname="com.crm.qa.testcases.contactsPageTest"/>
  <testcase name="validateCreateNewContact" time="8.575" classname="com.crm.qa.testcases.contactsPageTest"/>
  <testcase name="validateCreateNewContact" time="8.476" classname="com.crm.qa.testcases.contactsPageTest"/>
</testsuite> <!-- Free CRM App Test Cases -->
